#! /usr/bin/vvp
:ivl_version "10.3 (stable)";
:ivl_delay_selection "TYPICAL";
:vpi_time_precision + 0;
:vpi_module "system";
:vpi_module "vhdl_sys";
:vpi_module "v2005_math";
:vpi_module "va_math";
S_0x55e41a98a1e0 .scope module, "uart_rx_fsm" "uart_rx_fsm" 2 39;
 .timescale 0 0;
    .port_info 0 /INPUT 1 "i_clk"
    .port_info 1 /INPUT 1 "i_rst"
    .port_info 2 /INPUT 1 "i_rx_clk"
    .port_info 3 /INPUT 1 "i_start_rx"
    .port_info 4 /INPUT 1 "i_loopback_en"
    .port_info 5 /INPUT 1 "i_parity_even"
    .port_info 6 /INPUT 1 "i_parity_en"
    .port_info 7 /INPUT 2 "i_no_of_data_bits"
    .port_info 8 /INPUT 1 "i_stick_parity_en"
    .port_info 9 /INPUT 1 "i_clear_linestatusreg"
    .port_info 10 /INPUT 1 "i_clear_rxdataready"
    .port_info 11 /OUTPUT 8 "o_rx_data"
    .port_info 12 /OUTPUT 1 "o_timeout"
    .port_info 13 /OUTPUT 1 "o_parity_error"
    .port_info 14 /OUTPUT 1 "o_framing_error"
    .port_info 15 /OUTPUT 1 "o_break_interrupt"
    .port_info 16 /OUTPUT 1 "o_rx_data_ready"
    .port_info 17 /INPUT 1 "i_int_serial_data"
    .port_info 18 /INPUT 1 "i_serial_data"
P_0x55e41a975090 .param/l "IDLE_STATE" 0 2 69, C4<0000>;
P_0x55e41a9750d0 .param/l "PARITY_CHECK_STATE" 0 2 80, C4<1010>;
P_0x55e41a975110 .param/l "Rx_1BIT_STATE" 0 2 72, C4<0010>;
P_0x55e41a975150 .param/l "Rx_2BIT_STATE" 0 2 73, C4<0011>;
P_0x55e41a975190 .param/l "Rx_3BIT_STATE" 0 2 74, C4<0100>;
P_0x55e41a9751d0 .param/l "Rx_4BIT_STATE" 0 2 75, C4<0101>;
P_0x55e41a975210 .param/l "Rx_5BIT_STATE" 0 2 76, C4<0110>;
P_0x55e41a975250 .param/l "Rx_6BIT_STATE" 0 2 77, C4<0111>;
P_0x55e41a975290 .param/l "Rx_7BIT_STATE" 0 2 78, C4<1000>;
P_0x55e41a9752d0 .param/l "Rx_8BIT_STATE" 0 2 79, C4<1001>;
P_0x55e41a975310 .param/l "SAMPLE_START_STATE" 0 2 71, C4<1111>;
P_0x55e41a975350 .param/l "START_DETECT_STATE" 0 2 70, C4<0001>;
P_0x55e41a975390 .param/l "STOP_DETECT_STATE" 0 2 81, C4<1011>;
L_0x55e41aa14300 .functor BUFZ 1, v0x55e41aa10bb0_0, C4<0>, C4<0>, C4<0>;
L_0x55e41a9ad440 .functor BUFZ 1, v0x55e41aa10f70_0, C4<0>, C4<0>, C4<0>;
L_0x55e41a9ad550 .functor AND 1, v0x55e41aa127c0_0, L_0x55e41aa14b20, C4<1>, C4<1>;
L_0x55e41a9ad660 .functor AND 1, v0x55e41aa124a0_0, L_0x55e41aa14c10, C4<1>, C4<1>;
L_0x55e41a9acde0 .functor AND 1, v0x55e41aa12ac0_0, L_0x55e41aa14e00, C4<1>, C4<1>;
v0x55e41a9ec0e0_0 .net *"_s1", 0 0, L_0x55e41a9ec010;  1 drivers
v0x55e41a9ec8e0_0 .net *"_s11", 0 0, L_0x55e41aa13bf0;  1 drivers
v0x55e41a9ec9b0_0 .net *"_s13", 0 0, L_0x55e41aa13c90;  1 drivers
v0x55e41a9ed1d0_0 .net *"_s15", 0 0, L_0x55e41aa13da0;  1 drivers
v0x55e41a9ed2a0_0 .net *"_s17", 0 0, L_0x55e41aa13e40;  1 drivers
v0x55e41a9ac8f0_0 .net *"_s19", 0 0, L_0x55e41aa13f60;  1 drivers
L_0x7fe98d59e018 .functor BUFT 1, C4<0>, C4<0>, C4<0>, C4<0>;
v0x55e41aa100a0_0 .net/2u *"_s2", 0 0, L_0x7fe98d59e018;  1 drivers
v0x55e41aa10180_0 .net *"_s21", 0 0, L_0x55e41aa14030;  1 drivers
v0x55e41aa10260_0 .net *"_s23", 0 0, L_0x55e41aa14160;  1 drivers
v0x55e41aa10340_0 .net *"_s25", 0 0, L_0x55e41aa14230;  1 drivers
v0x55e41aa10420_0 .net *"_s27", 0 0, L_0x55e41aa14370;  1 drivers
v0x55e41aa10500_0 .net *"_s33", 0 0, L_0x55e41aa14860;  1 drivers
L_0x7fe98d59e060 .functor BUFT 1, C4<0>, C4<0>, C4<0>, C4<0>;
v0x55e41aa105c0_0 .net/2u *"_s34", 0 0, L_0x7fe98d59e060;  1 drivers
v0x55e41aa106a0_0 .net *"_s41", 0 0, L_0x55e41aa14b20;  1 drivers
v0x55e41aa10760_0 .net *"_s45", 0 0, L_0x55e41aa14c10;  1 drivers
v0x55e41aa10820_0 .net *"_s49", 0 0, L_0x55e41aa14e00;  1 drivers
v0x55e41aa108e0_0 .net *"_s7", 0 0, L_0x55e41aa13a00;  1 drivers
v0x55e41aa10ad0_0 .net *"_s9", 0 0, L_0x55e41aa13aa0;  1 drivers
v0x55e41aa10bb0_0 .var "break_interrupt", 0 0;
v0x55e41aa10c70_0 .var "check_bit", 0 0;
v0x55e41aa10d30_0 .var "clear_data_ready", 0 0;
v0x55e41aa10df0_0 .var "clear_line_status", 0 0;
v0x55e41aa10eb0_0 .var "clearrxdataready1", 0 0;
v0x55e41aa10f70_0 .var "data_validation", 0 0;
v0x55e41aa11030_0 .var "framing_error", 0 0;
o0x7fe98d5e74c8 .functor BUFZ 1, C4<z>; HiZ drive
v0x55e41aa110f0_0 .net "i_clear_linestatusreg", 0 0, o0x7fe98d5e74c8;  0 drivers
o0x7fe98d5e74f8 .functor BUFZ 1, C4<z>; HiZ drive
v0x55e41aa111b0_0 .net "i_clear_rxdataready", 0 0, o0x7fe98d5e74f8;  0 drivers
o0x7fe98d5e7528 .functor BUFZ 1, C4<z>; HiZ drive
v0x55e41aa11270_0 .net "i_clk", 0 0, o0x7fe98d5e7528;  0 drivers
o0x7fe98d5e7558 .functor BUFZ 1, C4<z>; HiZ drive
v0x55e41aa11330_0 .net "i_int_serial_data", 0 0, o0x7fe98d5e7558;  0 drivers
o0x7fe98d5e7588 .functor BUFZ 1, C4<z>; HiZ drive
v0x55e41aa113f0_0 .net "i_loopback_en", 0 0, o0x7fe98d5e7588;  0 drivers
o0x7fe98d5e75b8 .functor BUFZ 2, C4<zz>; HiZ drive
v0x55e41aa114b0_0 .net "i_no_of_data_bits", 1 0, o0x7fe98d5e75b8;  0 drivers
o0x7fe98d5e75e8 .functor BUFZ 1, C4<z>; HiZ drive
v0x55e41aa11590_0 .net "i_parity_en", 0 0, o0x7fe98d5e75e8;  0 drivers
o0x7fe98d5e7618 .functor BUFZ 1, C4<z>; HiZ drive
v0x55e41aa11650_0 .net "i_parity_even", 0 0, o0x7fe98d5e7618;  0 drivers
o0x7fe98d5e7648 .functor BUFZ 1, C4<z>; HiZ drive
v0x55e41aa11920_0 .net "i_rst", 0 0, o0x7fe98d5e7648;  0 drivers
o0x7fe98d5e7678 .functor BUFZ 1, C4<z>; HiZ drive
v0x55e41aa119e0_0 .net "i_rx_clk", 0 0, o0x7fe98d5e7678;  0 drivers
o0x7fe98d5e76a8 .functor BUFZ 1, C4<z>; HiZ drive
v0x55e41aa11aa0_0 .net "i_serial_data", 0 0, o0x7fe98d5e76a8;  0 drivers
o0x7fe98d5e76d8 .functor BUFZ 1, C4<z>; HiZ drive
v0x55e41aa11b60_0 .net "i_start_rx", 0 0, o0x7fe98d5e76d8;  0 drivers
o0x7fe98d5e7708 .functor BUFZ 1, C4<z>; HiZ drive
v0x55e41aa11c20_0 .net "i_stick_parity_en", 0 0, o0x7fe98d5e7708;  0 drivers
v0x55e41aa11ce0_0 .var "modem_serial_data", 0 0;
v0x55e41aa11da0_0 .net "o_break_interrupt", 0 0, L_0x55e41aa14300;  1 drivers
v0x55e41aa11e60_0 .net "o_framing_error", 0 0, L_0x55e41aa13910;  1 drivers
v0x55e41aa11f20_0 .net "o_parity_error", 0 0, L_0x55e41aa14950;  1 drivers
v0x55e41aa11fe0_0 .var "o_rx_data", 7 0;
v0x55e41aa120c0_0 .net "o_rx_data_ready", 0 0, L_0x55e41a9ad550;  1 drivers
v0x55e41aa12180_0 .var "o_timeout", 0 0;
v0x55e41aa12240_0 .var "parity_error", 0 0;
v0x55e41aa12300_0 .net "receive_data", 10 0, L_0x55e41aa14440;  1 drivers
v0x55e41aa123e0_0 .net "rx_clk_en", 0 0, L_0x55e41a9ad660;  1 drivers
v0x55e41aa124a0_0 .var "rx_clk_reg1", 0 0;
v0x55e41aa12560_0 .var "rx_clk_reg2", 0 0;
v0x55e41aa12620_0 .var "rx_data", 10 0;
v0x55e41aa12700_0 .net "rx_data_ready1", 0 0, L_0x55e41a9ad440;  1 drivers
v0x55e41aa127c0_0 .var "rx_data_ready_reg1", 0 0;
v0x55e41aa12880_0 .var "rx_data_ready_reg2", 0 0;
v0x55e41aa12940_0 .net "rx_sample_en", 0 0, L_0x55e41a9acde0;  1 drivers
v0x55e41aa12a00_0 .var "rx_sampling_clock", 0 0;
v0x55e41aa12ac0_0 .var "rx_sampling_clock_reg1", 0 0;
v0x55e41aa12b80_0 .var "rx_sampling_clock_reg2", 0 0;
v0x55e41aa12c40_0 .var "rx_sampling_counter", 3 0;
v0x55e41aa12d20_0 .var "rx_sampling_start", 0 0;
v0x55e41aa12de0_0 .var "state", 3 0;
v0x55e41aa12ec0_0 .var "state_ASCII", 167 0;
v0x55e41aa12fa0_0 .var "stick_parity_bit", 0 0;
v0x55e41aa13060_0 .var "timeout_counter", 5 0;
v0x55e41aa13140_0 .var "timeout_counter_begin", 0 0;
E_0x55e41a9dcbc0 .event edge, v0x55e41aa12de0_0;
E_0x55e41a9ae5a0 .event posedge, v0x55e41aa11920_0, v0x55e41aa11270_0;
E_0x55e41a9d7440 .event posedge, v0x55e41aa11920_0, v0x55e41aa119e0_0;
L_0x55e41a9ec010 .reduce/nor v0x55e41aa10df0_0;
L_0x55e41aa13910 .functor MUXZ 1, L_0x7fe98d59e018, v0x55e41aa11030_0, L_0x55e41a9ec010, C4<>;
L_0x55e41aa13a00 .part v0x55e41aa12620_0, 0, 1;
L_0x55e41aa13aa0 .part v0x55e41aa12620_0, 1, 1;
L_0x55e41aa13bf0 .part v0x55e41aa12620_0, 2, 1;
L_0x55e41aa13c90 .part v0x55e41aa12620_0, 3, 1;
L_0x55e41aa13da0 .part v0x55e41aa12620_0, 4, 1;
L_0x55e41aa13e40 .part v0x55e41aa12620_0, 5, 1;
L_0x55e41aa13f60 .part v0x55e41aa12620_0, 6, 1;
L_0x55e41aa14030 .part v0x55e41aa12620_0, 7, 1;
L_0x55e41aa14160 .part v0x55e41aa12620_0, 8, 1;
L_0x55e41aa14230 .part v0x55e41aa12620_0, 9, 1;
L_0x55e41aa14370 .part v0x55e41aa12620_0, 10, 1;
LS_0x55e41aa14440_0_0 .concat [ 1 1 1 1], L_0x55e41aa14370, L_0x55e41aa14230, L_0x55e41aa14160, L_0x55e41aa14030;
LS_0x55e41aa14440_0_4 .concat [ 1 1 1 1], L_0x55e41aa13f60, L_0x55e41aa13e40, L_0x55e41aa13da0, L_0x55e41aa13c90;
LS_0x55e41aa14440_0_8 .concat [ 1 1 1 0], L_0x55e41aa13bf0, L_0x55e41aa13aa0, L_0x55e41aa13a00;
L_0x55e41aa14440 .concat [ 4 4 3 0], LS_0x55e41aa14440_0_0, LS_0x55e41aa14440_0_4, LS_0x55e41aa14440_0_8;
L_0x55e41aa14860 .reduce/nor v0x55e41aa10bb0_0;
L_0x55e41aa14950 .functor MUXZ 1, L_0x7fe98d59e060, v0x55e41aa12240_0, L_0x55e41aa14860, C4<>;
L_0x55e41aa14b20 .reduce/nor v0x55e41aa12880_0;
L_0x55e41aa14c10 .reduce/nor v0x55e41aa12560_0;
L_0x55e41aa14e00 .reduce/nor v0x55e41aa12b80_0;
    .scope S_0x55e41a98a1e0;
T_0 ;
    %wait E_0x55e41a9ae5a0;
    %load/vec4 v0x55e41aa11920_0;
    %flag_set/vec4 8;
    %jmp/0xz  T_0.0, 8;
    %pushi/vec4 1, 0, 1;
    %assign/vec4 v0x55e41aa11ce0_0, 0;
    %jmp T_0.1;
T_0.0 ;
    %load/vec4 v0x55e41aa113f0_0;
    %nor/r;
    %flag_set/vec4 8;
    %jmp/0xz  T_0.2, 8;
    %load/vec4 v0x55e41aa11aa0_0;
    %assign/vec4 v0x55e41aa11ce0_0, 0;
    %jmp T_0.3;
T_0.2 ;
    %load/vec4 v0x55e41aa11330_0;
    %assign/vec4 v0x55e41aa11ce0_0, 0;
T_0.3 ;
T_0.1 ;
    %jmp T_0;
    .thread T_0;
    .scope S_0x55e41a98a1e0;
T_1 ;
    %wait E_0x55e41a9ae5a0;
    %load/vec4 v0x55e41aa11920_0;
    %flag_set/vec4 8;
    %jmp/0xz  T_1.0, 8;
    %pushi/vec4 0, 0, 4;
    %assign/vec4 v0x55e41aa12de0_0, 0;
    %pushi/vec4 0, 0, 1;
    %assign/vec4 v0x55e41aa11030_0, 0;
    %pushi/vec4 0, 0, 1;
    %assign/vec4 v0x55e41aa12fa0_0, 0;
    %pushi/vec4 1, 0, 1;
    %assign/vec4 v0x55e41aa13140_0, 0;
    %pushi/vec4 0, 0, 1;
    %assign/vec4 v0x55e41aa10f70_0, 0;
    %pushi/vec4 0, 0, 11;
    %assign/vec4 v0x55e41aa12620_0, 0;
    %jmp T_1.1;
T_1.0 ;
    %load/vec4 v0x55e41aa12de0_0;
    %dup/vec4;
    %pushi/vec4 0, 0, 4;
    %cmp/u;
    %jmp/1 T_1.2, 6;
    %dup/vec4;
    %pushi/vec4 1, 0, 4;
    %cmp/u;
    %jmp/1 T_1.3, 6;
    %dup/vec4;
    %pushi/vec4 2, 0, 4;
    %cmp/u;
    %jmp/1 T_1.4, 6;
    %dup/vec4;
    %pushi/vec4 3, 0, 4;
    %cmp/u;
    %jmp/1 T_1.5, 6;
    %dup/vec4;
    %pushi/vec4 4, 0, 4;
    %cmp/u;
    %jmp/1 T_1.6, 6;
    %dup/vec4;
    %pushi/vec4 5, 0, 4;
    %cmp/u;
    %jmp/1 T_1.7, 6;
    %dup/vec4;
    %pushi/vec4 6, 0, 4;
    %cmp/u;
    %jmp/1 T_1.8, 6;
    %dup/vec4;
    %pushi/vec4 7, 0, 4;
    %cmp/u;
    %jmp/1 T_1.9, 6;
    %dup/vec4;
    %pushi/vec4 8, 0, 4;
    %cmp/u;
    %jmp/1 T_1.10, 6;
    %dup/vec4;
    %pushi/vec4 9, 0, 4;
    %cmp/u;
    %jmp/1 T_1.11, 6;
    %dup/vec4;
    %pushi/vec4 10, 0, 4;
    %cmp/u;
    %jmp/1 T_1.12, 6;
    %dup/vec4;
    %pushi/vec4 11, 0, 4;
    %cmp/u;
    %jmp/1 T_1.13, 6;
    %pushi/vec4 0, 0, 4;
    %assign/vec4 v0x55e41aa12de0_0, 0;
    %jmp T_1.15;
T_1.2 ;
    %pushi/vec4 1, 0, 4;
    %assign/vec4 v0x55e41aa12de0_0, 0;
    %pushi/vec4 1, 0, 1;
    %assign/vec4 v0x55e41aa13140_0, 0;
    %jmp T_1.15;
T_1.3 ;
    %load/vec4 v0x55e41aa12940_0;
    %flag_set/vec4 8;
    %jmp/0xz  T_1.16, 8;
    %load/vec4 v0x55e41aa11ce0_0;
    %nor/r;
    %flag_set/vec4 8;
    %jmp/0xz  T_1.18, 8;
    %pushi/vec4 2, 0, 4;
    %assign/vec4 v0x55e41aa12de0_0, 0;
    %pushi/vec4 0, 0, 1;
    %assign/vec4 v0x55e41aa11030_0, 0;
    %pushi/vec4 0, 0, 1;
    %assign/vec4 v0x55e41aa13140_0, 0;
    %pushi/vec4 0, 0, 1;
    %assign/vec4 v0x55e41aa10f70_0, 0;
    %load/vec4 v0x55e41aa11ce0_0;
    %ix/load 4, 10, 0;
    %ix/load 5, 0, 0;
    %flag_set/imm 4, 0;
    %assign/vec4/off/d v0x55e41aa12620_0, 4, 5;
    %jmp T_1.19;
T_1.18 ;
    %load/vec4 v0x55e41aa10d30_0;
    %flag_set/vec4 8;
    %jmp/0xz  T_1.20, 8;
    %pushi/vec4 0, 0, 1;
    %assign/vec4 v0x55e41aa10f70_0, 0;
    %pushi/vec4 0, 0, 11;
    %assign/vec4 v0x55e41aa12620_0, 0;
T_1.20 ;
T_1.19 ;
T_1.16 ;
    %jmp T_1.15;
T_1.4 ;
    %load/vec4 v0x55e41aa12940_0;
    %flag_set/vec4 8;
    %jmp/0xz  T_1.22, 8;
    %pushi/vec4 3, 0, 4;
    %assign/vec4 v0x55e41aa12de0_0, 0;
    %load/vec4 v0x55e41aa11ce0_0;
    %ix/load 4, 9, 0;
    %ix/load 5, 0, 0;
    %flag_set/imm 4, 0;
    %assign/vec4/off/d v0x55e41aa12620_0, 4, 5;
T_1.22 ;
    %jmp T_1.15;
T_1.5 ;
    %load/vec4 v0x55e41aa12940_0;
    %flag_set/vec4 8;
    %jmp/0xz  T_1.24, 8;
    %pushi/vec4 4, 0, 4;
    %assign/vec4 v0x55e41aa12de0_0, 0;
    %load/vec4 v0x55e41aa11ce0_0;
    %ix/load 4, 8, 0;
    %ix/load 5, 0, 0;
    %flag_set/imm 4, 0;
    %assign/vec4/off/d v0x55e41aa12620_0, 4, 5;
T_1.24 ;
    %jmp T_1.15;
T_1.6 ;
    %load/vec4 v0x55e41aa12940_0;
    %flag_set/vec4 8;
    %jmp/0xz  T_1.26, 8;
    %pushi/vec4 5, 0, 4;
    %assign/vec4 v0x55e41aa12de0_0, 0;
    %load/vec4 v0x55e41aa11ce0_0;
    %ix/load 4, 7, 0;
    %ix/load 5, 0, 0;
    %flag_set/imm 4, 0;
    %assign/vec4/off/d v0x55e41aa12620_0, 4, 5;
T_1.26 ;
    %jmp T_1.15;
T_1.7 ;
    %load/vec4 v0x55e41aa12940_0;
    %flag_set/vec4 8;
    %jmp/0xz  T_1.28, 8;
    %pushi/vec4 6, 0, 4;
    %assign/vec4 v0x55e41aa12de0_0, 0;
    %load/vec4 v0x55e41aa11ce0_0;
    %ix/load 4, 6, 0;
    %ix/load 5, 0, 0;
    %flag_set/imm 4, 0;
    %assign/vec4/off/d v0x55e41aa12620_0, 4, 5;
T_1.28 ;
    %jmp T_1.15;
T_1.8 ;
    %load/vec4 v0x55e41aa12940_0;
    %flag_set/vec4 8;
    %jmp/0xz  T_1.30, 8;
    %load/vec4 v0x55e41aa11ce0_0;
    %ix/load 4, 5, 0;
    %ix/load 5, 0, 0;
    %flag_set/imm 4, 0;
    %assign/vec4/off/d v0x55e41aa12620_0, 4, 5;
    %load/vec4 v0x55e41aa114b0_0;
    %cmpi/e 0, 0, 2;
    %jmp/0xz  T_1.32, 4;
    %load/vec4 v0x55e41aa11590_0;
    %flag_set/vec4 8;
    %jmp/0xz  T_1.34, 8;
    %pushi/vec4 10, 0, 4;
    %assign/vec4 v0x55e41aa12de0_0, 0;
    %jmp T_1.35;
T_1.34 ;
    %pushi/vec4 11, 0, 4;
    %assign/vec4 v0x55e41aa12de0_0, 0;
T_1.35 ;
    %jmp T_1.33;
T_1.32 ;
    %pushi/vec4 7, 0, 4;
    %assign/vec4 v0x55e41aa12de0_0, 0;
T_1.33 ;
T_1.30 ;
    %jmp T_1.15;
T_1.9 ;
    %load/vec4 v0x55e41aa12940_0;
    %flag_set/vec4 8;
    %jmp/0xz  T_1.36, 8;
    %load/vec4 v0x55e41aa11ce0_0;
    %ix/load 4, 4, 0;
    %ix/load 5, 0, 0;
    %flag_set/imm 4, 0;
    %assign/vec4/off/d v0x55e41aa12620_0, 4, 5;
    %load/vec4 v0x55e41aa114b0_0;
    %cmpi/e 1, 0, 2;
    %jmp/0xz  T_1.38, 4;
    %load/vec4 v0x55e41aa11590_0;
    %flag_set/vec4 8;
    %jmp/0xz  T_1.40, 8;
    %pushi/vec4 10, 0, 4;
    %assign/vec4 v0x55e41aa12de0_0, 0;
    %jmp T_1.41;
T_1.40 ;
    %pushi/vec4 11, 0, 4;
    %assign/vec4 v0x55e41aa12de0_0, 0;
T_1.41 ;
    %jmp T_1.39;
T_1.38 ;
    %pushi/vec4 8, 0, 4;
    %assign/vec4 v0x55e41aa12de0_0, 0;
T_1.39 ;
T_1.36 ;
    %jmp T_1.15;
T_1.10 ;
    %load/vec4 v0x55e41aa12940_0;
    %flag_set/vec4 8;
    %jmp/0xz  T_1.42, 8;
    %load/vec4 v0x55e41aa11ce0_0;
    %ix/load 4, 3, 0;
    %ix/load 5, 0, 0;
    %flag_set/imm 4, 0;
    %assign/vec4/off/d v0x55e41aa12620_0, 4, 5;
    %load/vec4 v0x55e41aa114b0_0;
    %cmpi/e 2, 0, 2;
    %jmp/0xz  T_1.44, 4;
    %load/vec4 v0x55e41aa11590_0;
    %flag_set/vec4 8;
    %jmp/0xz  T_1.46, 8;
    %pushi/vec4 10, 0, 4;
    %assign/vec4 v0x55e41aa12de0_0, 0;
    %jmp T_1.47;
T_1.46 ;
    %pushi/vec4 11, 0, 4;
    %assign/vec4 v0x55e41aa12de0_0, 0;
T_1.47 ;
    %jmp T_1.45;
T_1.44 ;
    %pushi/vec4 9, 0, 4;
    %assign/vec4 v0x55e41aa12de0_0, 0;
T_1.45 ;
T_1.42 ;
    %jmp T_1.15;
T_1.11 ;
    %load/vec4 v0x55e41aa12940_0;
    %flag_set/vec4 8;
    %jmp/0xz  T_1.48, 8;
    %load/vec4 v0x55e41aa11ce0_0;
    %ix/load 4, 2, 0;
    %ix/load 5, 0, 0;
    %flag_set/imm 4, 0;
    %assign/vec4/off/d v0x55e41aa12620_0, 4, 5;
    %load/vec4 v0x55e41aa11590_0;
    %flag_set/vec4 8;
    %jmp/0xz  T_1.50, 8;
    %pushi/vec4 10, 0, 4;
    %assign/vec4 v0x55e41aa12de0_0, 0;
    %jmp T_1.51;
T_1.50 ;
    %pushi/vec4 11, 0, 4;
    %assign/vec4 v0x55e41aa12de0_0, 0;
T_1.51 ;
T_1.48 ;
    %jmp T_1.15;
T_1.12 ;
    %load/vec4 v0x55e41aa12940_0;
    %flag_set/vec4 8;
    %jmp/0xz  T_1.52, 8;
    %load/vec4 v0x55e41aa11ce0_0;
    %ix/load 4, 1, 0;
    %ix/load 5, 0, 0;
    %flag_set/imm 4, 0;
    %assign/vec4/off/d v0x55e41aa12620_0, 4, 5;
    %pushi/vec4 11, 0, 4;
    %assign/vec4 v0x55e41aa12de0_0, 0;
    %load/vec4 v0x55e41aa11ce0_0;
    %assign/vec4 v0x55e41aa12fa0_0, 0;
T_1.52 ;
    %jmp T_1.15;
T_1.13 ;
    %load/vec4 v0x55e41aa12940_0;
    %flag_set/vec4 8;
    %jmp/0xz  T_1.54, 8;
    %load/vec4 v0x55e41aa11ce0_0;
    %ix/load 4, 0, 0;
    %ix/load 5, 0, 0;
    %flag_set/imm 4, 0;
    %assign/vec4/off/d v0x55e41aa12620_0, 4, 5;
    %pushi/vec4 1, 0, 1;
    %assign/vec4 v0x55e41aa10f70_0, 0;
    %load/vec4 v0x55e41aa11ce0_0;
    %cmpi/e 0, 0, 1;
    %jmp/0xz  T_1.56, 4;
    %pushi/vec4 0, 0, 4;
    %assign/vec4 v0x55e41aa12de0_0, 0;
    %pushi/vec4 1, 0, 1;
    %assign/vec4 v0x55e41aa11030_0, 0;
    %jmp T_1.57;
T_1.56 ;
    %pushi/vec4 0, 0, 4;
    %assign/vec4 v0x55e41aa12de0_0, 0;
    %pushi/vec4 0, 0, 1;
    %assign/vec4 v0x55e41aa11030_0, 0;
T_1.57 ;
T_1.54 ;
    %jmp T_1.15;
T_1.15 ;
    %pop/vec4 1;
T_1.1 ;
    %jmp T_1;
    .thread T_1;
    .scope S_0x55e41a98a1e0;
T_2 ;
    %wait E_0x55e41a9ae5a0;
    %load/vec4 v0x55e41aa11920_0;
    %flag_set/vec4 8;
    %jmp/0xz  T_2.0, 8;
    %pushi/vec4 0, 0, 1;
    %assign/vec4 v0x55e41aa10bb0_0, 0;
    %jmp T_2.1;
T_2.0 ;
    %load/vec4 v0x55e41aa10df0_0;
    %flag_set/vec4 8;
    %jmp/0xz  T_2.2, 8;
    %pushi/vec4 0, 0, 1;
    %assign/vec4 v0x55e41aa10bb0_0, 0;
    %jmp T_2.3;
T_2.2 ;
    %load/vec4 v0x55e41aa10f70_0;
    %flag_set/vec4 8;
    %jmp/0xz  T_2.4, 8;
    %load/vec4 v0x55e41aa12620_0;
    %cmpi/e 0, 0, 11;
    %jmp/0xz  T_2.6, 4;
    %pushi/vec4 1, 0, 1;
    %assign/vec4 v0x55e41aa10bb0_0, 0;
    %jmp T_2.7;
T_2.6 ;
    %pushi/vec4 0, 0, 1;
    %assign/vec4 v0x55e41aa10bb0_0, 0;
T_2.7 ;
T_2.4 ;
T_2.3 ;
T_2.1 ;
    %jmp T_2;
    .thread T_2;
    .scope S_0x55e41a98a1e0;
T_3 ;
    %wait E_0x55e41a9ae5a0;
    %load/vec4 v0x55e41aa11920_0;
    %flag_set/vec4 8;
    %jmp/0xz  T_3.0, 8;
    %pushi/vec4 0, 0, 1;
    %assign/vec4 v0x55e41aa10c70_0, 0;
    %jmp T_3.1;
T_3.0 ;
    %load/vec4 v0x55e41aa12de0_0;
    %cmpi/e 11, 0, 4;
    %jmp/0xz  T_3.2, 4;
    %load/vec4 v0x55e41aa12620_0;
    %parti/s 1, 9, 5;
    %load/vec4 v0x55e41aa12620_0;
    %parti/s 1, 8, 5;
    %xor;
    %load/vec4 v0x55e41aa12620_0;
    %parti/s 1, 7, 4;
    %xor;
    %load/vec4 v0x55e41aa12620_0;
    %parti/s 1, 6, 4;
    %xor;
    %load/vec4 v0x55e41aa12620_0;
    %parti/s 1, 5, 4;
    %xor;
    %load/vec4 v0x55e41aa12620_0;
    %parti/s 1, 4, 4;
    %xor;
    %load/vec4 v0x55e41aa12620_0;
    %parti/s 1, 3, 3;
    %xor;
    %load/vec4 v0x55e41aa12620_0;
    %parti/s 1, 2, 3;
    %xor;
    %load/vec4 v0x55e41aa12620_0;
    %parti/s 1, 1, 2;
    %xor;
    %assign/vec4 v0x55e41aa10c70_0, 0;
    %jmp T_3.3;
T_3.2 ;
    %pushi/vec4 0, 0, 1;
    %assign/vec4 v0x55e41aa10c70_0, 0;
T_3.3 ;
T_3.1 ;
    %jmp T_3;
    .thread T_3;
    .scope S_0x55e41a98a1e0;
T_4 ;
    %wait E_0x55e41a9ae5a0;
    %load/vec4 v0x55e41aa11920_0;
    %flag_set/vec4 8;
    %jmp/0xz  T_4.0, 8;
    %pushi/vec4 0, 0, 1;
    %assign/vec4 v0x55e41aa12240_0, 0;
    %jmp T_4.1;
T_4.0 ;
    %load/vec4 v0x55e41aa12de0_0;
    %pushi/vec4 11, 0, 4;
    %cmp/e;
    %flag_get/vec4 4;
    %load/vec4 v0x55e41aa10df0_0;
    %nor/r;
    %and;
    %flag_set/vec4 8;
    %jmp/0xz  T_4.2, 8;
    %load/vec4 v0x55e41aa11590_0;
    %flag_set/vec4 8;
    %jmp/0xz  T_4.4, 8;
    %load/vec4 v0x55e41aa11650_0;
    %load/vec4 v0x55e41aa11c20_0;
    %nor/r;
    %and;
    %flag_set/vec4 8;
    %jmp/0xz  T_4.6, 8;
    %load/vec4 v0x55e41aa10c70_0;
    %flag_set/vec4 8;
    %jmp/0xz  T_4.8, 8;
    %pushi/vec4 1, 0, 1;
    %assign/vec4 v0x55e41aa12240_0, 0;
    %jmp T_4.9;
T_4.8 ;
    %pushi/vec4 0, 0, 1;
    %assign/vec4 v0x55e41aa12240_0, 0;
T_4.9 ;
    %jmp T_4.7;
T_4.6 ;
    %load/vec4 v0x55e41aa11650_0;
    %nor/r;
    %load/vec4 v0x55e41aa11c20_0;
    %nor/r;
    %and;
    %flag_set/vec4 8;
    %jmp/0xz  T_4.10, 8;
    %load/vec4 v0x55e41aa10c70_0;
    %flag_set/vec4 8;
    %jmp/0xz  T_4.12, 8;
    %pushi/vec4 0, 0, 1;
    %assign/vec4 v0x55e41aa12240_0, 0;
    %jmp T_4.13;
T_4.12 ;
    %pushi/vec4 1, 0, 1;
    %assign/vec4 v0x55e41aa12240_0, 0;
T_4.13 ;
    %jmp T_4.11;
T_4.10 ;
    %load/vec4 v0x55e41aa11650_0;
    %load/vec4 v0x55e41aa11c20_0;
    %and;
    %flag_set/vec4 8;
    %jmp/0xz  T_4.14, 8;
    %load/vec4 v0x55e41aa12fa0_0;
    %flag_set/vec4 8;
    %jmp/0xz  T_4.16, 8;
    %pushi/vec4 1, 0, 1;
    %assign/vec4 v0x55e41aa12240_0, 0;
    %jmp T_4.17;
T_4.16 ;
    %pushi/vec4 0, 0, 1;
    %assign/vec4 v0x55e41aa12240_0, 0;
T_4.17 ;
    %jmp T_4.15;
T_4.14 ;
    %load/vec4 v0x55e41aa12fa0_0;
    %flag_set/vec4 8;
    %jmp/0xz  T_4.18, 8;
    %pushi/vec4 0, 0, 1;
    %assign/vec4 v0x55e41aa12240_0, 0;
    %jmp T_4.19;
T_4.18 ;
    %pushi/vec4 1, 0, 1;
    %assign/vec4 v0x55e41aa12240_0, 0;
T_4.19 ;
T_4.15 ;
T_4.11 ;
T_4.7 ;
    %jmp T_4.5;
T_4.4 ;
    %pushi/vec4 0, 0, 1;
    %assign/vec4 v0x55e41aa12240_0, 0;
T_4.5 ;
    %jmp T_4.3;
T_4.2 ;
    %load/vec4 v0x55e41aa10df0_0;
    %flag_set/vec4 8;
    %jmp/0xz  T_4.20, 8;
    %pushi/vec4 0, 0, 1;
    %assign/vec4 v0x55e41aa12240_0, 0;
T_4.20 ;
T_4.3 ;
T_4.1 ;
    %jmp T_4;
    .thread T_4;
    .scope S_0x55e41a98a1e0;
T_5 ;
    %wait E_0x55e41a9ae5a0;
    %load/vec4 v0x55e41aa11920_0;
    %flag_set/vec4 8;
    %jmp/0xz  T_5.0, 8;
    %pushi/vec4 0, 0, 8;
    %assign/vec4 v0x55e41aa11fe0_0, 0;
    %jmp T_5.1;
T_5.0 ;
    %load/vec4 v0x55e41aa10f70_0;
    %flag_set/vec4 8;
    %jmp/0xz  T_5.2, 8;
    %load/vec4 v0x55e41aa11590_0;
    %flag_set/vec4 8;
    %jmp/0xz  T_5.4, 8;
    %load/vec4 v0x55e41aa114b0_0;
    %dup/vec4;
    %pushi/vec4 0, 0, 2;
    %cmp/u;
    %jmp/1 T_5.6, 6;
    %dup/vec4;
    %pushi/vec4 1, 0, 2;
    %cmp/u;
    %jmp/1 T_5.7, 6;
    %dup/vec4;
    %pushi/vec4 2, 0, 2;
    %cmp/u;
    %jmp/1 T_5.8, 6;
    %dup/vec4;
    %pushi/vec4 3, 0, 2;
    %cmp/u;
    %jmp/1 T_5.9, 6;
    %jmp T_5.10;
T_5.6 ;
    %pushi/vec4 0, 0, 1;
    %concati/vec4 0, 0, 1;
    %concati/vec4 0, 0, 1;
    %load/vec4 v0x55e41aa12300_0;
    %parti/s 5, 1, 2;
    %concat/vec4; draw_concat_vec4
    %assign/vec4 v0x55e41aa11fe0_0, 0;
    %jmp T_5.10;
T_5.7 ;
    %pushi/vec4 0, 0, 1;
    %concati/vec4 0, 0, 1;
    %load/vec4 v0x55e41aa12300_0;
    %parti/s 6, 1, 2;
    %concat/vec4; draw_concat_vec4
    %assign/vec4 v0x55e41aa11fe0_0, 0;
    %jmp T_5.10;
T_5.8 ;
    %pushi/vec4 0, 0, 1;
    %load/vec4 v0x55e41aa12300_0;
    %parti/s 7, 1, 2;
    %concat/vec4; draw_concat_vec4
    %assign/vec4 v0x55e41aa11fe0_0, 0;
    %jmp T_5.10;
T_5.9 ;
    %load/vec4 v0x55e41aa12300_0;
    %parti/s 8, 1, 2;
    %assign/vec4 v0x55e41aa11fe0_0, 0;
    %jmp T_5.10;
T_5.10 ;
    %pop/vec4 1;
    %jmp T_5.5;
T_5.4 ;
    %load/vec4 v0x55e41aa114b0_0;
    %dup/vec4;
    %pushi/vec4 0, 0, 2;
    %cmp/u;
    %jmp/1 T_5.11, 6;
    %dup/vec4;
    %pushi/vec4 1, 0, 2;
    %cmp/u;
    %jmp/1 T_5.12, 6;
    %dup/vec4;
    %pushi/vec4 2, 0, 2;
    %cmp/u;
    %jmp/1 T_5.13, 6;
    %dup/vec4;
    %pushi/vec4 3, 0, 2;
    %cmp/u;
    %jmp/1 T_5.14, 6;
    %jmp T_5.15;
T_5.11 ;
    %pushi/vec4 0, 0, 1;
    %concati/vec4 0, 0, 1;
    %concati/vec4 0, 0, 1;
    %load/vec4 v0x55e41aa12300_0;
    %parti/s 5, 1, 2;
    %concat/vec4; draw_concat_vec4
    %assign/vec4 v0x55e41aa11fe0_0, 0;
    %jmp T_5.15;
T_5.12 ;
    %pushi/vec4 0, 0, 1;
    %concati/vec4 0, 0, 1;
    %load/vec4 v0x55e41aa12300_0;
    %parti/s 6, 1, 2;
    %concat/vec4; draw_concat_vec4
    %assign/vec4 v0x55e41aa11fe0_0, 0;
    %jmp T_5.15;
T_5.13 ;
    %pushi/vec4 0, 0, 1;
    %load/vec4 v0x55e41aa12300_0;
    %parti/s 7, 1, 2;
    %concat/vec4; draw_concat_vec4
    %assign/vec4 v0x55e41aa11fe0_0, 0;
    %jmp T_5.15;
T_5.14 ;
    %load/vec4 v0x55e41aa12300_0;
    %parti/s 8, 1, 2;
    %assign/vec4 v0x55e41aa11fe0_0, 0;
    %jmp T_5.15;
T_5.15 ;
    %pop/vec4 1;
T_5.5 ;
    %jmp T_5.3;
T_5.2 ;
    %pushi/vec4 0, 0, 8;
    %assign/vec4 v0x55e41aa11fe0_0, 0;
T_5.3 ;
T_5.1 ;
    %jmp T_5;
    .thread T_5;
    .scope S_0x55e41a98a1e0;
T_6 ;
    %wait E_0x55e41a9ae5a0;
    %load/vec4 v0x55e41aa11920_0;
    %flag_set/vec4 8;
    %jmp/0xz  T_6.0, 8;
    %pushi/vec4 0, 0, 1;
    %assign/vec4 v0x55e41aa127c0_0, 0;
    %pushi/vec4 0, 0, 1;
    %assign/vec4 v0x55e41aa12880_0, 0;
    %jmp T_6.1;
T_6.0 ;
    %load/vec4 v0x55e41aa12700_0;
    %assign/vec4 v0x55e41aa127c0_0, 0;
    %load/vec4 v0x55e41aa127c0_0;
    %assign/vec4 v0x55e41aa12880_0, 0;
T_6.1 ;
    %jmp T_6;
    .thread T_6;
    .scope S_0x55e41a98a1e0;
T_7 ;
    %wait E_0x55e41a9ae5a0;
    %load/vec4 v0x55e41aa11920_0;
    %flag_set/vec4 8;
    %jmp/0xz  T_7.0, 8;
    %pushi/vec4 0, 0, 1;
    %assign/vec4 v0x55e41aa124a0_0, 0;
    %pushi/vec4 0, 0, 1;
    %assign/vec4 v0x55e41aa12560_0, 0;
    %jmp T_7.1;
T_7.0 ;
    %load/vec4 v0x55e41aa119e0_0;
    %assign/vec4 v0x55e41aa124a0_0, 0;
    %load/vec4 v0x55e41aa124a0_0;
    %assign/vec4 v0x55e41aa12560_0, 0;
T_7.1 ;
    %jmp T_7;
    .thread T_7;
    .scope S_0x55e41a98a1e0;
T_8 ;
    %wait E_0x55e41a9ae5a0;
    %load/vec4 v0x55e41aa11920_0;
    %flag_set/vec4 8;
    %jmp/0xz  T_8.0, 8;
    %pushi/vec4 0, 0, 1;
    %assign/vec4 v0x55e41aa12d20_0, 0;
    %jmp T_8.1;
T_8.0 ;
    %load/vec4 v0x55e41aa12de0_0;
    %cmpi/e 1, 0, 4;
    %jmp/0xz  T_8.2, 4;
    %load/vec4 v0x55e41aa11ce0_0;
    %nor/r;
    %flag_set/vec4 8;
    %jmp/0xz  T_8.4, 8;
    %pushi/vec4 1, 0, 1;
    %assign/vec4 v0x55e41aa12d20_0, 0;
    %jmp T_8.5;
T_8.4 ;
    %pushi/vec4 0, 0, 1;
    %assign/vec4 v0x55e41aa12d20_0, 0;
T_8.5 ;
    %jmp T_8.3;
T_8.2 ;
    %load/vec4 v0x55e41aa12de0_0;
    %cmpi/e 0, 0, 4;
    %jmp/0xz  T_8.6, 4;
    %pushi/vec4 0, 0, 1;
    %assign/vec4 v0x55e41aa12d20_0, 0;
T_8.6 ;
T_8.3 ;
T_8.1 ;
    %jmp T_8;
    .thread T_8;
    .scope S_0x55e41a98a1e0;
T_9 ;
    %wait E_0x55e41a9d7440;
    %load/vec4 v0x55e41aa11920_0;
    %flag_set/vec4 8;
    %jmp/0xz  T_9.0, 8;
    %pushi/vec4 0, 0, 4;
    %assign/vec4 v0x55e41aa12c40_0, 0;
    %pushi/vec4 0, 0, 1;
    %assign/vec4 v0x55e41aa12a00_0, 0;
    %jmp T_9.1;
T_9.0 ;
    %load/vec4 v0x55e41aa12de0_0;
    %dup/vec4;
    %pushi/vec4 0, 0, 4;
    %cmp/u;
    %jmp/1 T_9.2, 6;
    %load/vec4 v0x55e41aa12d20_0;
    %flag_set/vec4 8;
    %jmp/0xz  T_9.5, 8;
    %load/vec4 v0x55e41aa12c40_0;
    %cmpi/e 15, 0, 4;
    %jmp/0xz  T_9.7, 4;
    %pushi/vec4 0, 0, 4;
    %assign/vec4 v0x55e41aa12c40_0, 0;
    %jmp T_9.8;
T_9.7 ;
    %load/vec4 v0x55e41aa12c40_0;
    %addi 1, 0, 4;
    %assign/vec4 v0x55e41aa12c40_0, 0;
T_9.8 ;
    %load/vec4 v0x55e41aa12c40_0;
    %cmpi/u 8, 0, 4;
    %jmp/0xz  T_9.9, 5;
    %pushi/vec4 0, 0, 1;
    %assign/vec4 v0x55e41aa12a00_0, 0;
    %jmp T_9.10;
T_9.9 ;
    %pushi/vec4 1, 0, 1;
    %assign/vec4 v0x55e41aa12a00_0, 0;
T_9.10 ;
    %jmp T_9.6;
T_9.5 ;
    %pushi/vec4 0, 0, 4;
    %assign/vec4 v0x55e41aa12c40_0, 0;
T_9.6 ;
    %jmp T_9.4;
T_9.2 ;
    %pushi/vec4 0, 0, 4;
    %assign/vec4 v0x55e41aa12c40_0, 0;
    %jmp T_9.4;
T_9.4 ;
    %pop/vec4 1;
T_9.1 ;
    %jmp T_9;
    .thread T_9;
    .scope S_0x55e41a98a1e0;
T_10 ;
    %wait E_0x55e41a9ae5a0;
    %load/vec4 v0x55e41aa11920_0;
    %flag_set/vec4 8;
    %jmp/0xz  T_10.0, 8;
    %pushi/vec4 0, 0, 1;
    %assign/vec4 v0x55e41aa12ac0_0, 0;
    %pushi/vec4 0, 0, 1;
    %assign/vec4 v0x55e41aa12b80_0, 0;
    %jmp T_10.1;
T_10.0 ;
    %load/vec4 v0x55e41aa12a00_0;
    %assign/vec4 v0x55e41aa12ac0_0, 0;
    %load/vec4 v0x55e41aa12ac0_0;
    %assign/vec4 v0x55e41aa12b80_0, 0;
T_10.1 ;
    %jmp T_10;
    .thread T_10;
    .scope S_0x55e41a98a1e0;
T_11 ;
    %wait E_0x55e41a9ae5a0;
    %load/vec4 v0x55e41aa11920_0;
    %flag_set/vec4 8;
    %jmp/0xz  T_11.0, 8;
    %pushi/vec4 0, 0, 1;
    %assign/vec4 v0x55e41aa10eb0_0, 0;
    %jmp T_11.1;
T_11.0 ;
    %load/vec4 v0x55e41aa111b0_0;
    %assign/vec4 v0x55e41aa10eb0_0, 0;
T_11.1 ;
    %jmp T_11;
    .thread T_11;
    .scope S_0x55e41a98a1e0;
T_12 ;
    %wait E_0x55e41a9ae5a0;
    %load/vec4 v0x55e41aa11920_0;
    %flag_set/vec4 8;
    %jmp/0xz  T_12.0, 8;
    %pushi/vec4 0, 0, 6;
    %assign/vec4 v0x55e41aa13060_0, 0;
    %jmp T_12.1;
T_12.0 ;
    %load/vec4 v0x55e41aa10eb0_0;
    %flag_set/vec4 8;
    %jmp/0xz  T_12.2, 8;
    %pushi/vec4 0, 0, 6;
    %assign/vec4 v0x55e41aa13060_0, 0;
    %jmp T_12.3;
T_12.2 ;
    %load/vec4 v0x55e41aa123e0_0;
    %flag_set/vec4 8;
    %jmp/0xz  T_12.4, 8;
    %load/vec4 v0x55e41aa13140_0;
    %load/vec4 v0x55e41aa13060_0;
    %pushi/vec4 48, 0, 6;
    %cmp/e;
    %flag_get/vec4 4;
    %and;
    %flag_set/vec4 8;
    %jmp/0xz  T_12.6, 8;
    %pushi/vec4 48, 0, 6;
    %assign/vec4 v0x55e41aa13060_0, 0;
    %jmp T_12.7;
T_12.6 ;
    %load/vec4 v0x55e41aa13140_0;
    %flag_set/vec4 8;
    %jmp/0xz  T_12.8, 8;
    %load/vec4 v0x55e41aa13060_0;
    %addi 1, 0, 6;
    %assign/vec4 v0x55e41aa13060_0, 0;
    %jmp T_12.9;
T_12.8 ;
    %pushi/vec4 0, 0, 6;
    %assign/vec4 v0x55e41aa13060_0, 0;
T_12.9 ;
T_12.7 ;
T_12.4 ;
T_12.3 ;
T_12.1 ;
    %jmp T_12;
    .thread T_12;
    .scope S_0x55e41a98a1e0;
T_13 ;
    %wait E_0x55e41a9ae5a0;
    %load/vec4 v0x55e41aa11920_0;
    %flag_set/vec4 8;
    %jmp/0xz  T_13.0, 8;
    %pushi/vec4 0, 0, 1;
    %assign/vec4 v0x55e41aa12180_0, 0;
    %jmp T_13.1;
T_13.0 ;
    %load/vec4 v0x55e41aa13060_0;
    %cmpi/e 48, 0, 6;
    %jmp/0xz  T_13.2, 4;
    %pushi/vec4 1, 0, 1;
    %assign/vec4 v0x55e41aa12180_0, 0;
    %jmp T_13.3;
T_13.2 ;
    %pushi/vec4 0, 0, 1;
    %assign/vec4 v0x55e41aa12180_0, 0;
T_13.3 ;
T_13.1 ;
    %jmp T_13;
    .thread T_13;
    .scope S_0x55e41a98a1e0;
T_14 ;
    %wait E_0x55e41a9ae5a0;
    %load/vec4 v0x55e41aa11920_0;
    %flag_set/vec4 8;
    %jmp/0xz  T_14.0, 8;
    %pushi/vec4 0, 0, 1;
    %assign/vec4 v0x55e41aa10df0_0, 0;
    %jmp T_14.1;
T_14.0 ;
    %load/vec4 v0x55e41aa110f0_0;
    %flag_set/vec4 8;
    %jmp/0xz  T_14.2, 8;
    %pushi/vec4 1, 0, 1;
    %assign/vec4 v0x55e41aa10df0_0, 0;
    %jmp T_14.3;
T_14.2 ;
    %load/vec4 v0x55e41aa11b60_0;
    %flag_set/vec4 8;
    %jmp/0xz  T_14.4, 8;
    %pushi/vec4 0, 0, 1;
    %assign/vec4 v0x55e41aa10df0_0, 0;
T_14.4 ;
T_14.3 ;
T_14.1 ;
    %jmp T_14;
    .thread T_14;
    .scope S_0x55e41a98a1e0;
T_15 ;
    %wait E_0x55e41a9ae5a0;
    %load/vec4 v0x55e41aa11920_0;
    %flag_set/vec4 8;
    %jmp/0xz  T_15.0, 8;
    %pushi/vec4 0, 0, 1;
    %assign/vec4 v0x55e41aa10d30_0, 0;
    %jmp T_15.1;
T_15.0 ;
    %load/vec4 v0x55e41aa111b0_0;
    %flag_set/vec4 8;
    %jmp/0xz  T_15.2, 8;
    %pushi/vec4 1, 0, 1;
    %assign/vec4 v0x55e41aa10d30_0, 0;
    %jmp T_15.3;
T_15.2 ;
    %load/vec4 v0x55e41aa11b60_0;
    %flag_set/vec4 8;
    %jmp/0xz  T_15.4, 8;
    %pushi/vec4 0, 0, 1;
    %assign/vec4 v0x55e41aa10d30_0, 0;
T_15.4 ;
T_15.3 ;
T_15.1 ;
    %jmp T_15;
    .thread T_15;
    .scope S_0x55e41a98a1e0;
T_16 ;
    %wait E_0x55e41a9dcbc0;
    %load/vec4 v0x55e41aa12de0_0;
    %dup/vec4;
    %pushi/vec4 0, 0, 4;
    %cmp/u;
    %jmp/1 T_16.0, 6;
    %dup/vec4;
    %pushi/vec4 1, 0, 4;
    %cmp/u;
    %jmp/1 T_16.1, 6;
    %dup/vec4;
    %pushi/vec4 15, 0, 4;
    %cmp/u;
    %jmp/1 T_16.2, 6;
    %dup/vec4;
    %pushi/vec4 2, 0, 4;
    %cmp/u;
    %jmp/1 T_16.3, 6;
    %dup/vec4;
    %pushi/vec4 3, 0, 4;
    %cmp/u;
    %jmp/1 T_16.4, 6;
    %dup/vec4;
    %pushi/vec4 4, 0, 4;
    %cmp/u;
    %jmp/1 T_16.5, 6;
    %dup/vec4;
    %pushi/vec4 5, 0, 4;
    %cmp/u;
    %jmp/1 T_16.6, 6;
    %dup/vec4;
    %pushi/vec4 6, 0, 4;
    %cmp/u;
    %jmp/1 T_16.7, 6;
    %dup/vec4;
    %pushi/vec4 7, 0, 4;
    %cmp/u;
    %jmp/1 T_16.8, 6;
    %dup/vec4;
    %pushi/vec4 8, 0, 4;
    %cmp/u;
    %jmp/1 T_16.9, 6;
    %dup/vec4;
    %pushi/vec4 9, 0, 4;
    %cmp/u;
    %jmp/1 T_16.10, 6;
    %dup/vec4;
    %pushi/vec4 10, 0, 4;
    %cmp/u;
    %jmp/1 T_16.11, 6;
    %dup/vec4;
    %pushi/vec4 11, 0, 4;
    %cmp/u;
    %jmp/1 T_16.12, 6;
    %pushi/vec4 625308274, 0, 32; draw_string_vec4
    %pushi/vec4 1869750304, 0, 32; draw_string_vec4
    %concat/vec4; draw_string_vec4
    %pushi/vec4 538976288, 0, 32; draw_string_vec4
    %concat/vec4; draw_string_vec4
    %pushi/vec4 538976288, 0, 32; draw_string_vec4
    %concat/vec4; draw_string_vec4
    %pushi/vec4 538976288, 0, 32; draw_string_vec4
    %concat/vec4; draw_string_vec4
    %pushi/vec4 32, 0, 8; draw_string_vec4
    %concat/vec4; draw_string_vec4
    %store/vec4 v0x55e41aa12ec0_0, 0, 168;
    %jmp T_16.14;
T_16.0 ;
    %pushi/vec4 1768189029, 0, 32; draw_string_vec4
    %pushi/vec4 1601401953, 0, 32; draw_string_vec4
    %concat/vec4; draw_string_vec4
    %pushi/vec4 1952784416, 0, 32; draw_string_vec4
    %concat/vec4; draw_string_vec4
    %pushi/vec4 538976288, 0, 32; draw_string_vec4
    %concat/vec4; draw_string_vec4
    %pushi/vec4 538976288, 0, 32; draw_string_vec4
    %concat/vec4; draw_string_vec4
    %pushi/vec4 32, 0, 8; draw_string_vec4
    %concat/vec4; draw_string_vec4
    %store/vec4 v0x55e41aa12ec0_0, 0, 168;
    %jmp T_16.14;
T_16.1 ;
    %pushi/vec4 1937006962, 0, 32; draw_string_vec4
    %pushi/vec4 1952408677, 0, 32; draw_string_vec4
    %concat/vec4; draw_string_vec4
    %pushi/vec4 1952801652, 0, 32; draw_string_vec4
    %concat/vec4; draw_string_vec4
    %pushi/vec4 1601401953, 0, 32; draw_string_vec4
    %concat/vec4; draw_string_vec4
    %pushi/vec4 1952784416, 0, 32; draw_string_vec4
    %concat/vec4; draw_string_vec4
    %pushi/vec4 32, 0, 8; draw_string_vec4
    %concat/vec4; draw_string_vec4
    %store/vec4 v0x55e41aa12ec0_0, 0, 168;
    %jmp T_16.14;
T_16.2 ;
    %pushi/vec4 1935764848, 0, 32; draw_string_vec4
    %pushi/vec4 1818582899, 0, 32; draw_string_vec4
    %concat/vec4; draw_string_vec4
    %pushi/vec4 1952543348, 0, 32; draw_string_vec4
    %concat/vec4; draw_string_vec4
    %pushi/vec4 1601401953, 0, 32; draw_string_vec4
    %concat/vec4; draw_string_vec4
    %pushi/vec4 1952784416, 0, 32; draw_string_vec4
    %concat/vec4; draw_string_vec4
    %pushi/vec4 32, 0, 8; draw_string_vec4
    %concat/vec4; draw_string_vec4
    %store/vec4 v0x55e41aa12ec0_0, 0, 168;
    %jmp T_16.14;
T_16.3 ;
    %pushi/vec4 1920491313, 0, 32; draw_string_vec4
    %pushi/vec4 1651078239, 0, 32; draw_string_vec4
    %concat/vec4; draw_string_vec4
    %pushi/vec4 1937006964, 0, 32; draw_string_vec4
    %concat/vec4; draw_string_vec4
    %pushi/vec4 1696604192, 0, 32; draw_string_vec4
    %concat/vec4; draw_string_vec4
    %pushi/vec4 538976288, 0, 32; draw_string_vec4
    %concat/vec4; draw_string_vec4
    %pushi/vec4 32, 0, 8; draw_string_vec4
    %concat/vec4; draw_string_vec4
    %store/vec4 v0x55e41aa12ec0_0, 0, 168;
    %jmp T_16.14;
T_16.4 ;
    %pushi/vec4 1920491314, 0, 32; draw_string_vec4
    %pushi/vec4 1651078239, 0, 32; draw_string_vec4
    %concat/vec4; draw_string_vec4
    %pushi/vec4 1937006964, 0, 32; draw_string_vec4
    %concat/vec4; draw_string_vec4
    %pushi/vec4 1696604192, 0, 32; draw_string_vec4
    %concat/vec4; draw_string_vec4
    %pushi/vec4 538976288, 0, 32; draw_string_vec4
    %concat/vec4; draw_string_vec4
    %pushi/vec4 32, 0, 8; draw_string_vec4
    %concat/vec4; draw_string_vec4
    %store/vec4 v0x55e41aa12ec0_0, 0, 168;
    %jmp T_16.14;
T_16.5 ;
    %pushi/vec4 1920491315, 0, 32; draw_string_vec4
    %pushi/vec4 1651078239, 0, 32; draw_string_vec4
    %concat/vec4; draw_string_vec4
    %pushi/vec4 1937006964, 0, 32; draw_string_vec4
    %concat/vec4; draw_string_vec4
    %pushi/vec4 1696604192, 0, 32; draw_string_vec4
    %concat/vec4; draw_string_vec4
    %pushi/vec4 538976288, 0, 32; draw_string_vec4
    %concat/vec4; draw_string_vec4
    %pushi/vec4 32, 0, 8; draw_string_vec4
    %concat/vec4; draw_string_vec4
    %store/vec4 v0x55e41aa12ec0_0, 0, 168;
    %jmp T_16.14;
T_16.6 ;
    %pushi/vec4 1920491316, 0, 32; draw_string_vec4
    %pushi/vec4 1651078239, 0, 32; draw_string_vec4
    %concat/vec4; draw_string_vec4
    %pushi/vec4 1937006964, 0, 32; draw_string_vec4
    %concat/vec4; draw_string_vec4
    %pushi/vec4 1696604192, 0, 32; draw_string_vec4
    %concat/vec4; draw_string_vec4
    %pushi/vec4 538976288, 0, 32; draw_string_vec4
    %concat/vec4; draw_string_vec4
    %pushi/vec4 32, 0, 8; draw_string_vec4
    %concat/vec4; draw_string_vec4
    %store/vec4 v0x55e41aa12ec0_0, 0, 168;
    %jmp T_16.14;
T_16.7 ;
    %pushi/vec4 1920491317, 0, 32; draw_string_vec4
    %pushi/vec4 1651078239, 0, 32; draw_string_vec4
    %concat/vec4; draw_string_vec4
    %pushi/vec4 1937006964, 0, 32; draw_string_vec4
    %concat/vec4; draw_string_vec4
    %pushi/vec4 1696604192, 0, 32; draw_string_vec4
    %concat/vec4; draw_string_vec4
    %pushi/vec4 538976288, 0, 32; draw_string_vec4
    %concat/vec4; draw_string_vec4
    %pushi/vec4 32, 0, 8; draw_string_vec4
    %concat/vec4; draw_string_vec4
    %store/vec4 v0x55e41aa12ec0_0, 0, 168;
    %jmp T_16.14;
T_16.8 ;
    %pushi/vec4 1920491318, 0, 32; draw_string_vec4
    %pushi/vec4 1651078239, 0, 32; draw_string_vec4
    %concat/vec4; draw_string_vec4
    %pushi/vec4 1937006964, 0, 32; draw_string_vec4
    %concat/vec4; draw_string_vec4
    %pushi/vec4 1696604192, 0, 32; draw_string_vec4
    %concat/vec4; draw_string_vec4
    %pushi/vec4 538976288, 0, 32; draw_string_vec4
    %concat/vec4; draw_string_vec4
    %pushi/vec4 32, 0, 8; draw_string_vec4
    %concat/vec4; draw_string_vec4
    %store/vec4 v0x55e41aa12ec0_0, 0, 168;
    %jmp T_16.14;
T_16.9 ;
    %pushi/vec4 1920491319, 0, 32; draw_string_vec4
    %pushi/vec4 1651078239, 0, 32; draw_string_vec4
    %concat/vec4; draw_string_vec4
    %pushi/vec4 1937006964, 0, 32; draw_string_vec4
    %concat/vec4; draw_string_vec4
    %pushi/vec4 1696604192, 0, 32; draw_string_vec4
    %concat/vec4; draw_string_vec4
    %pushi/vec4 538976288, 0, 32; draw_string_vec4
    %concat/vec4; draw_string_vec4
    %pushi/vec4 32, 0, 8; draw_string_vec4
    %concat/vec4; draw_string_vec4
    %store/vec4 v0x55e41aa12ec0_0, 0, 168;
    %jmp T_16.14;
T_16.10 ;
    %pushi/vec4 1920491320, 0, 32; draw_string_vec4
    %pushi/vec4 1651078239, 0, 32; draw_string_vec4
    %concat/vec4; draw_string_vec4
    %pushi/vec4 1937006964, 0, 32; draw_string_vec4
    %concat/vec4; draw_string_vec4
    %pushi/vec4 1696604192, 0, 32; draw_string_vec4
    %concat/vec4; draw_string_vec4
    %pushi/vec4 538976288, 0, 32; draw_string_vec4
    %concat/vec4; draw_string_vec4
    %pushi/vec4 32, 0, 8; draw_string_vec4
    %concat/vec4; draw_string_vec4
    %store/vec4 v0x55e41aa12ec0_0, 0, 168;
    %jmp T_16.14;
T_16.11 ;
    %pushi/vec4 1885434473, 0, 32; draw_string_vec4
    %pushi/vec4 1954111331, 0, 32; draw_string_vec4
    %concat/vec4; draw_string_vec4
    %pushi/vec4 1751475051, 0, 32; draw_string_vec4
    %concat/vec4; draw_string_vec4
    %pushi/vec4 1601401953, 0, 32; draw_string_vec4
    %concat/vec4; draw_string_vec4
    %pushi/vec4 1952784416, 0, 32; draw_string_vec4
    %concat/vec4; draw_string_vec4
    %pushi/vec4 32, 0, 8; draw_string_vec4
    %concat/vec4; draw_string_vec4
    %store/vec4 v0x55e41aa12ec0_0, 0, 168;
    %jmp T_16.14;
T_16.12 ;
    %pushi/vec4 1937010544, 0, 32; draw_string_vec4
    %pushi/vec4 1600415092, 0, 32; draw_string_vec4
    %concat/vec4; draw_string_vec4
    %pushi/vec4 1701016671, 0, 32; draw_string_vec4
    %concat/vec4; draw_string_vec4
    %pushi/vec4 1937006964, 0, 32; draw_string_vec4
    %concat/vec4; draw_string_vec4
    %pushi/vec4 1696604192, 0, 32; draw_string_vec4
    %concat/vec4; draw_string_vec4
    %pushi/vec4 32, 0, 8; draw_string_vec4
    %concat/vec4; draw_string_vec4
    %store/vec4 v0x55e41aa12ec0_0, 0, 168;
    %jmp T_16.14;
T_16.14 ;
    %pop/vec4 1;
    %jmp T_16;
    .thread T_16, $push;
# The file index is used to find the file name in the following table.
:file_names 3;
    "N/A";
    "<interactive>";
    "/home/georgios/Schreibtisch/hsrm/6/VHDL/IrDA_UART_RX/uart_source/uart_rx_fsm.v";
